wHU/build/outputs/logs/manifest-merger-debug-report.txt
-- Merging decision tree log ---
manifest
ADDED from src\main\AndroidManifest.xml:1:1-127:12
	xmlns:android
		ADDED from src\main\AndroidManifest.xml:1:11-69
	package
		ADDED from src\main\AndroidManifest.xml:2:5-31
		INJECTED from src\main\AndroidManifest.xml
		INJECTED from src\main\AndroidManifest.xml
	android:versionName
		ADDED from src\main\AndroidManifest.xml:4:5-30
		INJECTED from src\main\AndroidManifest.xml
		INJECTED from src\main\AndroidManifest.xml
	android:versionCode
		ADDED from src\main\AndroidManifest.xml:3:5-28
		INJECTED from src\main\AndroidManifest.xml
		INJECTED from src\main\AndroidManifest.xml
uses-permission#android.permission.INTERNET
ADDED from src\main\AndroidManifest.xml:5:1-79
	android:name
		ADDED from src\main\AndroidManifest.xml:5:18-60
uses-permission#android.permission.WRITE_EXTERNAL_STORAGE
ADDED from src\main\AndroidManifest.xml:6:1-76
	android:name
		ADDED from src\main\AndroidManifest.xml:6:18-74
uses-permission#android.permission.RESTART_PACKAGES
ADDED from src\main\AndroidManifest.xml:7:1-70
	android:name
		ADDED from src\main\AndroidManifest.xml:7:18-68
uses-sdk
ADDED from src\main\AndroidManifest.xml:8:5-10:41
MERGED from [WHU_IBMS1:library:unspecified] AndroidManifest.xml:7:5-9:40
MERGED from [com.android.support:support-v4:23.1.1] AndroidManifest.xml:20:5-43
	android:targetSdkVersion
		ADDED from src\main\AndroidManifest.xml:10:9-38
		INJECTED from src\main\AndroidManifest.xml
		INJECTED from src\main\AndroidManifest.xml
	android:minSdkVersion
		ADDED from src\main\AndroidManifest.xml:9:9-35
		INJECTED from src\main\AndroidManifest.xml
		INJECTED from src\main\AndroidManifest.xml
application
ADDED from src\main\AndroidManifest.xml:12:5-125:19
MERGED from [WHU_IBMS1:library:unspecified] AndroidManifest.xml:11:5-20
MERGED from [com.android.support:support-v4:23.1.1] AndroidManifest.xml:22:5-20
	android:windowSoftInputMode
		ADDED from src\main\AndroidManifest.xml:17:9-63
	android:label
		ADDED from src\main\AndroidManifest.xml:15:9-41
	android:allowBackup
		ADDED from src\main\AndroidManifest.xml:13:9-35
	android:icon
		ADDED from src\main\AndroidManifest.xml:14:9-45
	android:theme
		ADDED from src\main\AndroidManifest.xml:16:9-67
activity#activities.Main_Activity
ADDED from src\main\AndroidManifest.xml:18:9-26:19
	android:screenOrientation
		ADDED from src\main\AndroidManifest.xml:20:13-49
	android:label
		ADDED from src\main\AndroidManifest.xml:21:13-45
	android:name
		ADDED from src\main\AndroidManifest.xml:19:13-52
intent-filter#android.intent.action.MAIN+android.intent.category.LAUNCHER
ADDED from src\main\AndroidManifest.xml:22:13-25:29
action#android.intent.action.MAIN
ADDED from src\main\AndroidManifest.xml:23:17-69
	android:name
		ADDED from src\main\AndroidManifest.xml:23:25-66
category#android.intent.category.LAUNCHER
ADDED from src\main\AndroidManifest.xml:24:17-77
	android:name
		ADDED from src\main\AndroidManifest.xml:24:27-74
activity#activities.LogIn_Activity
ADDED from src\main\AndroidManifest.xml:27:8-33:19
	android:windowSoftInputMode
		ADDED from src\main\AndroidManifest.xml:29:13-67
	android:screenOrientation
		ADDED from src\main\AndroidManifest.xml:31:13-49
	android:label
		ADDED from src\main\AndroidManifest.xml:32:13-31
	android:theme
		ADDED from src\main\AndroidManifest.xml:28:13-66
	android:name
		ADDED from src\main\AndroidManifest.xml:30:13-53
activity#activities.All_Activity
ADDED from src\main\AndroidManifest.xml:34:8-39:19
	android:screenOrientation
		ADDED from src\main\AndroidManifest.xml:37:13-49
	android:label
		ADDED from src\main\AndroidManifest.xml:38:13-31
	android:theme
		ADDED from src\main\AndroidManifest.xml:35:13-44
	android:name
		ADDED from src\main\AndroidManifest.xml:36:13-51
activity#activities.Setting_Activity
ADDED from src\main\AndroidManifest.xml:40:8-45:19
	android:screenOrientation
		ADDED from src\main\AndroidManifest.xml:43:13-49
	android:label
		ADDED from src\main\AndroidManifest.xml:44:13-31
	android:theme
		ADDED from src\main\AndroidManifest.xml:41:13-44
	android:name
		ADDED from src\main\AndroidManifest.xml:42:13-55
activity#activities.Search_Activity
ADDED from src\main\AndroidManifest.xml:46:8-51:19
	android:screenOrientation
		ADDED from src\main\AndroidManifest.xml:49:13-49
	android:label
		ADDED from src\main\AndroidManifest.xml:50:13-31
	android:theme
		ADDED from src\main\AndroidManifest.xml:47:13-44
	android:name
		ADDED from src\main\AndroidManifest.xml:48:13-54
activity#activities.About_Activity
ADDED from src\main\AndroidManifest.xml:52:9-57:19
	android:screenOrientation
		ADDED from src\main\AndroidManifest.xml:55:13-49
	android:label
		ADDED from src\main\AndroidManifest.xml:56:13-31
	android:theme
		ADDED from src\main\AndroidManifest.xml:53:13-66
	android:name
		ADDED from src\main\AndroidManifest.xml:54:13-53
activity#activities.Password_Activity
ADDED from src\main\AndroidManifest.xml:58:7-64:19
	android:windowSoftInputMode
		ADDED from src\main\AndroidManifest.xml:61:13-67
	android:screenOrientation
		ADDED from src\main\AndroidManifest.xml:62:13-49
	android:label
		ADDED from src\main\AndroidManifest.xml:63:13-33
	android:theme
		ADDED from src\main\AndroidManifest.xml:59:13-66
	android:name
		ADDED from src\main\AndroidManifest.xml:60:13-56
activity#activities.PhoneNum_Activity
ADDED from src\main\AndroidManifest.xml:65:8-71:19
	android:screenOrientation
		ADDED from src\main\AndroidManifest.xml:69:13-49
	android:label
		ADDED from src\main\AndroidManifest.xml:70:13-34
	android:theme
		ADDED from src\main\AndroidManifest.xml:66:13-66
	android:name
		ADDED from src\main\AndroidManifest.xml:67:13-56
activity#activities.Dorm_Activity
ADDED from src\main\AndroidManifest.xml:72:8-77:20
	android:screenOrientation
		ADDED from src\main\AndroidManifest.xml:75:13-49
	android:label
		ADDED from src\main\AndroidManifest.xml:76:13-33
	android:theme
		ADDED from src\main\AndroidManifest.xml:73:13-44
	android:name
		ADDED from src\main\AndroidManifest.xml:74:13-52
activity#activities.Stu_Activity
ADDED from src\main\AndroidManifest.xml:78:8-82:20
	android:screenOrientation
		ADDED from src\main\AndroidManifest.xml:80:13-49
	android:label
		ADDED from src\main\AndroidManifest.xml:81:13-33
	android:name
		ADDED from src\main\AndroidManifest.xml:79:13-51
activity#activities.Inquiryapply_Activity
ADDED from src\main\AndroidManifest.xml:83:9-87:20
	android:screenOrientation
		ADDED from src\main\AndroidManifest.xml:85:13-49
	android:label
		ADDED from src\main\AndroidManifest.xml:86:13-33
	android:name
		ADDED from src\main\AndroidManifest.xml:84:13-60
activity#activities.Insertapply_Activity
ADDED from src\main\AndroidManifest.xml:88:9-92:20
	android:screenOrientation
		ADDED from src\main\AndroidManifest.xml:90:13-49
	android:label
		ADDED from src\main\AndroidManifest.xml:91:13-33
	android:name
		ADDED from src\main\AndroidManifest.xml:89:13-59
activity#activities.StateLog_Activity
ADDED from src\main\AndroidManifest.xml:93:10-99:20
	android:screenOrientation
		ADDED from src\main\AndroidManifest.xml:95:13-49
	android:label
		ADDED from src\main\AndroidManifest.xml:98:13-33
	android:theme
		ADDED from src\main\AndroidManifest.xml:97:13-44
	android:hardwareAccelerated
		ADDED from src\main\AndroidManifest.xml:96:13-48
	android:name
		ADDED from src\main\AndroidManifest.xml:94:13-56
activity#activities.Expense_Activity
ADDED from src\main\AndroidManifest.xml:100:9-106:20
	android:screenOrientation
		ADDED from src\main\AndroidManifest.xml:102:13-49
	android:label
		ADDED from src\main\AndroidManifest.xml:105:13-33
	android:theme
		ADDED from src\main\AndroidManifest.xml:104:13-44
	android:hardwareAccelerated
		ADDED from src\main\AndroidManifest.xml:103:13-48
	android:name
		ADDED from src\main\AndroidManifest.xml:101:13-55
activity#activities.HisData_Activity
ADDED from src\main\AndroidManifest.xml:107:9-112:20
	android:screenOrientation
		ADDED from src\main\AndroidManifest.xml:109:13-49
	android:label
		ADDED from src\main\AndroidManifest.xml:111:13-35
	android:hardwareAccelerated
		ADDED from src\main\AndroidManifest.xml:110:13-48
	android:name
		ADDED from src\main\AndroidManifest.xml:108:13-55
activity#activities.ThreeHisData_Activity
ADDED from src\main\AndroidManifest.xml:113:10-118:20
	android:screenOrientation
		ADDED from src\main\AndroidManifest.xml:115:13-49
	android:label
		ADDED from src\main\AndroidManifest.xml:117:13-35
	android:hardwareAccelerated
		ADDED from src\main\AndroidManifest.xml:116:13-48
	android:name
		ADDED from src\main\AndroidManifest.xml:114:13-60
activity#activities.StateDetail_Activity
ADDED from src\main\AndroidManifest.xml:119:10-124:19
	android:screenOrientation
		ADDED from src\main\AndroidManifest.xml:122:13-49
	android:label
		ADDED from src\main\AndroidManifest.xml:123:13-33
	android:theme
		ADDED from src\main\AndroidManifest.xml:120:13-66
	android:name
		ADDED from src\main\AndroidManifest.xml:121:13-59